[11Feb2025 00:03:21.583] [Craft Scheduler Thread - 11/WARN] [SkinMe/]: Plugin SkinMe v1.3.1 generated an exception while executing task 9
java.lang.NoSuchMethodError: 'org.bukkit.entity.Player[] org.bukkit.Server.getOnlinePlayers()'
	at org.mcstats.metrics.Metrics.postPlugin(Metrics.java:336) ~[?:?] {}
	at org.mcstats.metrics.Metrics.access$4(Metrics.java:329) ~[?:?] {}
	at org.mcstats.metrics.Metrics$1.run(Metrics.java:224) ~[?:?] {}
	at org.bukkit.craftbukkit.v1_19_R1.scheduler.CraftTask.run(CraftTask.java:82) ~[arclight-1.19.2-1.0.5-696a298.jar%23217!/:arclight-1.19.2-1.0.5-696a298] {re:classloading}
	at org.bukkit.craftbukkit.v1_19_R1.scheduler.CraftAsyncTask.run(CraftAsyncTask.java:54) [arclight-1.19.2-1.0.5-696a298.jar%23217!/:arclight-1.19.2-1.0.5-696a298] {re:classloading}
	at java.util.concurrent.ThreadPoolExecutor.runWorker(ThreadPoolExecutor.java:1136) [?:?] {}
	at java.util.concurrent.ThreadPoolExecutor$Worker.run(ThreadPoolExecutor.java:635) [?:?] {}
	at java.lang.Thread.run(Thread.java:840) [?:?] {re:mixin,re:mixin}
[11Feb2025 00:04:33.583] [Worker-Main-33/WARN] [net.minecraft.world.level.levelgen.structure.pools.JigsawPlacement/]: Empty or non-existent pool: minecraft:
[11Feb2025 00:04:33.583] [Worker-Main-33/WARN] [net.minecraft.world.level.levelgen.structure.pools.JigsawPlacement/]: Empty or non-existent pool: minecraft:
[11Feb2025 00:04:33.583] [Worker-Main-33/WARN] [net.minecraft.world.level.levelgen.structure.pools.JigsawPlacement/]: Empty or non-existent pool: minecraft:
[11Feb2025 00:04:33.583] [Worker-Main-33/WARN] [net.minecraft.world.level.levelgen.structure.pools.JigsawPlacement/]: Empty or non-existent pool: minecraft:
[11Feb2025 00:09:09.887] [Server thread/INFO] [net.minecraft.server.MinecraftServer/]: PanchikoKW has made the advancement [The Cutest Predator]
[11Feb2025 00:10:02.415] [User Authenticator #4/INFO] [net.minecraft.server.network.ServerLoginPacketListenerImpl/]: UUID of player Lim0ncit0Dulce is 2ddd9b46-0427-3b1d-9b4e-0259d562a0a6
[11Feb2025 00:10:07.753] [Server thread/INFO] [net.minecraftforge.common.AdvancementLoadFix/]: Using new advancement loading for net.minecraft.server.PlayerAdvancements@4820790c
[11Feb2025 00:10:07.760] [Server thread/INFO] [net.minecraft.server.players.PlayerList/]: Lim0ncit0Dulce[/127.108.37.143:34623] logged in with entity id 10320 at (463.35545236371394, 63.0, -730.7680698021156)
[11Feb2025 00:10:07.775] [Server thread/INFO] [net.minecraft.server.MinecraftServer/]: Lim0ncit0Dulce joined the game
[11Feb2025 00:10:11.765] [Server thread/INFO] [voicechat/]: [voicechat] Received secret request of Lim0ncit0Dulce (18)
[11Feb2025 00:10:11.766] [Server thread/INFO] [voicechat/]: [voicechat] Sent secret to Lim0ncit0Dulce
[11Feb2025 00:10:11.768] [Server thread/WARN] [net.minecraft.server.network.ServerGamePacketListenerImpl/]: PanchikoKW moved too quickly! -4.929402195195507,-1.9044435111823859,-8.51175550041512
[11Feb2025 00:10:11.772] [Server thread/WARN] [net.minecraft.server.MinecraftServer/]: Can't keep up! Is the server overloaded? Running 3932ms or 78 ticks behind
[11Feb2025 00:10:16.528] [VoiceChatPacketProcessingThread/INFO] [voicechat/]: [voicechat] Successfully authenticated player 2ddd9b46-0427-3b1d-9b4e-0259d562a0a6
[11Feb2025 00:10:17.531] [VoiceChatPacketProcessingThread/INFO] [voicechat/]: [voicechat] Successfully validated connection of player 2ddd9b46-0427-3b1d-9b4e-0259d562a0a6
[11Feb2025 00:10:17.531] [VoiceChatPacketProcessingThread/INFO] [voicechat/]: [voicechat] Player Lim0ncit0Dulce (2ddd9b46-0427-3b1d-9b4e-0259d562a0a6) successfully connected to voice chat
[11Feb2025 00:10:23.765] [Server thread/WARN] [net.minecraft.world.level.chunk.LevelChunk/]: Block entity sophisticatedbackpacks:backpack @ BlockPos{x=584, y=174, z=-728} state Block{sophisticatedbackpacks:copper_backpack}[battery=false,facing=south,left_tank=false,right_tank=false,waterlogged=false] invalid for ticking:
[11Feb2025 00:10:44.396] [Server thread/INFO] [net.minecraft.server.network.ServerGamePacketListenerImpl/]: Lim0ncit0Dulce lost connection: Disconnected
[11Feb2025 00:10:44.396] [Server thread/INFO] [voicechat/]: [voicechat] Disconnecting client Lim0ncit0Dulce
[11Feb2025 00:10:44.409] [Server thread/INFO] [net.minecraft.server.MinecraftServer/]: Lim0ncit0Dulce left the game
[11Feb2025 00:13:39.391] [Worker-Main-40/ERROR] [net.minecraft.world.entity.decoration.HangingEntity/]: Hanging entity at invalid position: BlockPos{x=216, y=47, z=211}
[11Feb2025 00:18:25.364] [Craft Scheduler Thread - 12/WARN] [SkinMe/]: Plugin SkinMe v1.3.1 generated an exception while executing task 9
java.lang.NoSuchMethodError: 'org.bukkit.entity.Player[] org.bukkit.Server.getOnlinePlayers()'
	at org.mcstats.metrics.Metrics.postPlugin(Metrics.java:336) ~[?:?] {}
	at org.mcstats.metrics.Metrics.access$4(Metrics.java:329) ~[?:?] {}
	at org.mcstats.metrics.Metrics$1.run(Metrics.java:224) ~[?:?] {}
	at org.bukkit.craftbukkit.v1_19_R1.scheduler.CraftTask.run(CraftTask.java:82) ~[arclight-1.19.2-1.0.5-696a298.jar%23217!/:arclight-1.19.2-1.0.5-696a298] {re:classloading}
	at org.bukkit.craftbukkit.v1_19_R1.scheduler.CraftAsyncTask.run(CraftAsyncTask.java:54) [arclight-1.19.2-1.0.5-696a298.jar%23217!/:arclight-1.19.2-1.0.5-696a298] {re:classloading}
	at java.util.concurrent.ThreadPoolExecutor.runWorker(ThreadPoolExecutor.java:1136) [?:?] {}
	at java.util.concurrent.ThreadPoolExecutor$Worker.run(ThreadPoolExecutor.java:635) [?:?] {}
	at java.lang.Thread.run(Thread.java:840) [?:?] {re:mixin,re:mixin}
[11Feb2025 00:19:02.422] [Worker-Main-41/ERROR] [net.minecraft.world.entity.decoration.HangingEntity/]: Hanging entity at invalid position: BlockPos{x=205, y=51, z=204}
[11Feb2025 00:23:22.242] [Server thread/WARN] [net.minecraft.world.level.chunk.LevelChunk/]: Block entity sophisticatedbackpacks:backpack @ BlockPos{x=584, y=174, z=-728} state Block{sophisticatedbackpacks:copper_backpack}[battery=false,facing=south,left_tank=false,right_tank=false,waterlogged=false] invalid for ticking:
[11Feb2025 00:28:14.025] [Server thread/INFO] [net.minecraft.server.MinecraftServer/]: PanchikoKW fell from a high place
[11Feb2025 00:33:25.356] [Craft Scheduler Thread - 14/WARN] [SkinMe/]: Plugin SkinMe v1.3.1 generated an exception while executing task 9
java.lang.NoSuchMethodError: 'org.bukkit.entity.Player[] org.bukkit.Server.getOnlinePlayers()'
	at org.mcstats.metrics.Metrics.postPlugin(Metrics.java:336) ~[?:?] {}
	at org.mcstats.metrics.Metrics.access$4(Metrics.java:329) ~[?:?] {}
	at org.mcstats.metrics.Metrics$1.run(Metrics.java:224) ~[?:?] {}
	at org.bukkit.craftbukkit.v1_19_R1.scheduler.CraftTask.run(CraftTask.java:82) ~[arclight-1.19.2-1.0.5-696a298.jar%23217!/:arclight-1.19.2-1.0.5-696a298] {re:classloading}
	at org.bukkit.craftbukkit.v1_19_R1.scheduler.CraftAsyncTask.run(CraftAsyncTask.java:54) [arclight-1.19.2-1.0.5-696a298.jar%23217!/:arclight-1.19.2-1.0.5-696a298] {re:classloading}
	at java.util.concurrent.ThreadPoolExecutor.runWorker(ThreadPoolExecutor.java:1136) [?:?] {}
	at java.util.concurrent.ThreadPoolExecutor$Worker.run(ThreadPoolExecutor.java:635) [?:?] {}
	at java.lang.Thread.run(Thread.java:840) [?:?] {re:mixin,re:mixin}
